<?xml version="1.0" encoding="UTF-8"?>
<!-- Generated by org.testng.reporters.JUnitReportReporter -->
<testsuite hostname="L-156198911" failures="0" tests="1" name="com.soumya.SeleniumTest.SimpleSelTest" time="20.236" errors="0" timestamp="02 Dec 2019 09:52:46 GMT" skipped="0">
  <testcase classname="com.soumya.SeleniumTest.SimpleSelTest" name="TestMethod" time="20.236"/>
</testsuite> <!-- com.soumya.SeleniumTest.SimpleSelTest -->
